# JRE version: OpenJDK Runtime Environment (11.0.12+7) (build 11.0.12+7-b1504.28-7817840)
# Java VM: OpenJDK 64-Bit Server VM (11.0.12+7-b1504.28-7817840, mixed mode, tiered, compressed oops, g1 gc, windows-amd64)
Heap:
 garbage-first heap   total 225280K, used 89556K [0x0000000080000000, 0x0000000100000000)
  region size 1024K, 71 young (72704K), 6 survivors (6144K)
 Metaspace       used 41574K, capacity 42486K, committed 42652K, reserved 1087488K
  class space    used 5313K, capacity 5682K, committed 5708K, reserved 1048576K
GC Heap History (8 events):
Event: 0.392 GC heap before
{Heap before GC invocations=0 (full 0):
 garbage-first heap   total 225280K, used 29696K [0x0000000080000000, 0x0000000100000000)
  region size 1024K, 24 young (24576K), 0 survivors (0K)
 Metaspace       used 10169K, capacity 10399K, committed 10624K, reserved 1058816K
  class space    used 1051K, capacity 1106K, committed 1152K, reserved 1048576K
}
Event: 0.395 GC heap after
{Heap after GC invocations=1 (full 0):
 garbage-first heap   total 225280K, used 9434K [0x0000000080000000, 0x0000000100000000)
  region size 1024K, 3 young (3072K), 3 survivors (3072K)
 Metaspace       used 10169K, capacity 10399K, committed 10624K, reserved 1058816K
  class space    used 1051K, capacity 1106K, committed 1152K, reserved 1048576K
}
Event: 1.341 GC heap before
{Heap before GC invocations=1 (full 0):
 garbage-first heap   total 225280K, used 112858K [0x0000000080000000, 0x0000000100000000)
  region size 1024K, 104 young (106496K), 3 survivors (3072K)
 Metaspace       used 20796K, capacity 21238K, committed 21296K, reserved 1069056K
  class space    used 2517K, capacity 2679K, committed 2688K, reserved 1048576K
}
Event: 1.347 GC heap after
{Heap after GC invocations=2 (full 0):
 garbage-first heap   total 225280K, used 17106K [0x0000000080000000, 0x0000000100000000)
  region size 1024K, 11 young (11264K), 11 survivors (11264K)
 Metaspace       used 20796K, capacity 21238K, committed 21296K, reserved 1069056K
  class space    used 2517K, capacity 2679K, committed 2688K, reserved 1048576K
}
Event: 1.711 GC heap before
{Heap before GC invocations=3 (full 0):
 garbage-first heap   total 225280K, used 65234K [0x0000000080000000, 0x0000000100000000)
  region size 1024K, 58 young (59392K), 11 survivors (11264K)
 Metaspace       used 25664K, capacity 26231K, committed 26416K, reserved 1073152K
  class space    used 3260K, capacity 3454K, committed 3456K, reserved 1048576K
}
Event: 1.716 GC heap after
{Heap after GC invocations=4 (full 0):
 garbage-first heap   total 225280K, used 18656K [0x0000000080000000, 0x0000000100000000)
  region size 1024K, 3 young (3072K), 3 survivors (3072K)
 Metaspace       used 25664K, capacity 26231K, committed 26416K, reserved 1073152K
  class space    used 3260K, capacity 3454K, committed 3456K, reserved 1048576K
}
Event: 2.329 GC heap before
{Heap before GC invocations=4 (full 0):
 garbage-first heap   total 225280K, used 86240K [0x0000000080000000, 0x0000000100000000)
  region size 1024K, 70 young (71680K), 3 survivors (3072K)
 Metaspace       used 35060K, capacity 35821K, committed 35920K, reserved 1081344K
  class space    used 4504K, capacity 4808K, committed 4864K, reserved 1048576K
}
Event: 2.335 GC heap after
{Heap after GC invocations=5 (full 0):
 garbage-first heap   total 225280K, used 21972K [0x0000000080000000, 0x0000000100000000)
  region size 1024K, 6 young (6144K), 6 survivors (6144K)
 Metaspace       used 35060K, capacity 35821K, committed 35920K, reserved 1081344K
  class space    used 4504K, capacity 4808K, committed 4864K, reserved 1048576K
}

